<?xml version="1.0" encoding="UTF-8"?>
<testsuite name="com.motycka.edu.game.account.AccountServiceTest" tests="4" skipped="0" failures="0" errors="0" timestamp="2025-03-02T10:53:40" hostname="Plinphons-MacBook-Pro.local" time="0.014">
  <properties/>
  <testcase name="getCurrentAccountId should return account id()" classname="com.motycka.edu.game.account.AccountServiceTest" time="0.008"/>
  <testcase name="getByUsername should return account when found()" classname="com.motycka.edu.game.account.AccountServiceTest" time="0.002"/>
  <testcase name="getByUsername should return null when not found()" classname="com.motycka.edu.game.account.AccountServiceTest" time="0.001"/>
  <testcase name="createAccount should return created account()" classname="com.motycka.edu.game.account.AccountServiceTest" time="0.002"/>
  <system-out><![CDATA[]]></system-out>
  <system-err><![CDATA[]]></system-err>
</testsuite>
