<?xml version="1.0" encoding="UTF-8"?>
<testsuite name="com.motycka.edu.game.matches.MatchControllerTest" tests="2" skipped="0" failures="0" errors="0" timestamp="2025-03-02T10:53:41" hostname="Plinphons-MacBook-Pro.local" time="0.116">
  <properties/>
  <testcase name="postMatch should create and return enhanced match result()" classname="com.motycka.edu.game.matches.MatchControllerTest" time="0.056"/>
  <testcase name="getMatches should return enhanced matches for current account()" classname="com.motycka.edu.game.matches.MatchControllerTest" time="0.059"/>
  <system-out><![CDATA[]]></system-out>
  <system-err><![CDATA[]]></system-err>
</testsuite>
